<?xml version="1.0" encoding="UTF-8"?>
<testng-results ignored="0" total="1" passed="1" failed="0" skipped="0">
  <reporter-output>
    <line>
      <![CDATA[Tata Bye Bye]]>
    </line>
  </reporter-output>
  <suite started-at="2026-01-18T13:39:24 IST" name="Default suite" finished-at="2026-01-18T13:39:24 IST" duration-ms="130">
    <groups>
    </groups>
    <test started-at="2026-01-18T13:39:24 IST" name="Default test" finished-at="2026-01-18T13:39:24 IST" duration-ms="130">
      <class name="AdminModule.MyFinalScript">
        <test-method signature="main1()[pri:0, instance:AdminModule.MyFinalScript@409bf450]" started-at="2026-01-18T13:39:24 IST" name="main1" finished-at="2026-01-18T13:39:24 IST" duration-ms="25" status="PASS">
          <reporter-output>
            <line>
              <![CDATA[Tata Bye Bye]]>
            </line>
          </reporter-output>
        </test-method> <!-- main1 -->
      </class> <!-- AdminModule.MyFinalScript -->
    </test> <!-- Default test -->
  </suite> <!-- Default suite -->
</testng-results>
