<?xml version="1.0" encoding="UTF-8"?>
<!-- Generated by org.testng.reporters.JUnitReportReporter -->
<testsuite hostname="DESKTOP-J8NKUK4" failures="0" tests="1" name="AdminModule.MyFinalScript" time="0.025" errors="0" timestamp="2026-01-18T13:39:25 IST" skipped="0">
  <testcase classname="AdminModule.MyFinalScript" name="main1" time="0.025">
    <system-out>
      <![CDATA[Tata Bye Bye]]>
    </system-out>
  </testcase> <!-- main1 -->
  <system-out>
    <![CDATA[Tata Bye Bye]]>
  </system-out>
</testsuite> <!-- AdminModule.MyFinalScript -->
